     1 00000000                                 ; hello-os
     2 00000000                                 ; TAB=4
     3 00000000                                 
     4                                          		ORG		0x7c00			; 指明程序的装?地址
     5 00007C00                                 
     6 00007C00                                 ; 以下?述?于?准FAT格式??
     7 00007C00                                 
     8 00007C00 EB 4E                           		JMP		entry
     9 00007C02 90                              		DB		0x90
    10 00007C03 48 45 4C 4C 4F 49 50 4C         		DB		"HELLOIPL"		; ??区的名称可以是任意的字符串（8字?）
    11 00007C0B 0200                            		DW		512				; ?个扇区（sector）的大小（必??512字?）
    12 00007C0D 01                              		DB		1				; 簇（cluster）的大小（必??1个扇区）
    13 00007C0E 0001                            		DW		1				; FAT的起始位置（一般从第一个扇区?始）
    14 00007C10 02                              		DB		2				; FAT的个数（必??2）
    15 00007C11 00E0                            		DW		224				; 根目?的大小（一般?成224?）
    16 00007C13 0B40                            		DW		2880			; ?磁?的大小（必?是2880扇区）
    17 00007C15 F0                              		DB		0xf0			; 磁?的??（必?是0xf0）
    18 00007C16 0009                            		DW		9				; FAT的?度（必?是9扇区）
    19 00007C18 0012                            		DW		18				; 1个磁道（track）有几个扇区（必?是18）
    20 00007C1A 0002                            		DW		2				; 磁?数（必?是2）
    21 00007C1C 00000000                        		DD		0				; 不?用分区，必?是0
    22 00007C20 00000B40                        		DD		2880			; 重写一次磁?大小
    23 00007C24 00 00 29                        		DB		0,0,0x29		; 意?不明，固定
    24 00007C27 FFFFFFFF                        		DD		0xffffffff		; (可能是) 卷?号?
    25 00007C2B 48 45 4C 4C 4F 2D 4F 53 20 20   		DB		"HELLO-OS   "	; 磁?的名称（11字?）注意：引号里的空格可不是随便填写的，而是?了?充字?
       00007C35 20 
    26 00007C36 46 41 54 31 32 20 20 20         		DB		"FAT12   "		; 磁?格式名称（8字?）
    27 00007C3E 00 00 00 00 00 00 00 00 00 00   		RESB	18				; 先空出18字?
       00007C48 00 00 00 00 00 00 00 00 
    28 00007C50                                 
    29 00007C50                                 ; 程序核心
    30 00007C50                                 
    31 00007C50                                 entry:
    32 00007C50 B8 0000                         		MOV		AX,0			; 初始化寄存器
    33 00007C53 8E D0                           		MOV		SS,AX
    34 00007C55 BC 7C00                         		MOV		SP,0x7c00
    35 00007C58 8E D8                           		MOV		DS,AX
    36 00007C5A 8E C0                           		MOV		ES,AX
    37 00007C5C                                 
    38 00007C5C BE 7C74                         		MOV		SI,msg
    39 00007C5F                                 putloop:						; 循?
    40 00007C5F 8A 04                           		MOV		AL,[SI]			; 把SI地址的一个字?的内容?入AL中
    41 00007C61 83 C6 01                        		ADD		SI,1			; ?SI加1
    42 00007C64 3C 00                           		CMP		AL,0			; 比?AL是否等于0
    43 00007C66 74 09                           		JE		fin				; 如果比?的?果成立，?跳?到fin,fin是一个?号，表示“?束”
    44 00007C68 B4 0E                           		MOV		AH,0x0e			; ?示一个文字
    45 00007C6A BB 000F                         		MOV		BX,15			; 指定字符?色
    46 00007C6D CD 10                           		INT		0x10			; ?用??BIOS，INT 是一个中断指令，?里可以??理解?“函数?用”
    47 00007C6F EB EE                           		JMP		putloop
    48 00007C71                                 fin:
    49 00007C71 F4                              		HLT						; ?CPU停止，等待指令，?CPU?入待机状?
    50 00007C72 EB FD                           		JMP		fin				; 无限循?
    51 00007C74                                 
    52 00007C74                                 msg:
    53 00007C74 0A 0A                           		DB		0x0a, 0x0a		; ?行?次
    54 00007C76 68 65 6C 6C 6F 2C 49 6E 69 6F   		DB		"hello,Inios"
       00007C80 73 
    55 00007C81 0A                              		DB		0x0a			; ?行
    56 00007C82 00                              		DB		0
    57 00007C83                                 
    58 00007C83 00 00 00 00 00 00 00 00 00 00   		RESB	0x7dfe-$		; 从0x7dfe地址?始用0x00填充
       00007C8D 00 00 00 00 00 00 00 00 00 00 
       00007C97 00 00 00 00 00 00 00 00 00 00 
       00007CA1 00 00 00 00 00 00 00 00 00 00 
       00007CAB 00 00 00 00 00 00 00 00 00 00 
       00007CB5 00 00 00 00 00 00 00 00 00 00 
       00007CBF 00 00 00 00 00 00 00 00 00 00 
       00007CC9 00 00 00 00 00 00 00 00 00 00 
       00007CD3 00 00 00 00 00 00 00 00 00 00 
       00007CDD 00 00 00 00 00 00 00 00 00 00 
       00007CE7 00 00 00 00 00 00 00 00 00 00 
       00007CF1 00 00 00 00 00 00 00 00 00 00 
       00007CFB 00 00 00 00 00 00 00 00 00 00 
       00007D05 00 00 00 00 00 00 00 00 00 00 
       00007D0F 00 00 00 00 00 00 00 00 00 00 
       00007D19 00 00 00 00 00 00 00 00 00 00 
       00007D23 00 00 00 00 00 00 00 00 00 00 
       00007D2D 00 00 00 00 00 00 00 00 00 00 
       00007D37 00 00 00 00 00 00 00 00 00 00 
       00007D41 00 00 00 00 00 00 00 00 00 00 
       00007D4B 00 00 00 00 00 00 00 00 00 00 
       00007D55 00 00 00 00 00 00 00 00 00 00 
       00007D5F 00 00 00 00 00 00 00 00 00 00 
       00007D69 00 00 00 00 00 00 00 00 00 00 
       00007D73 00 00 00 00 00 00 00 00 00 00 
       00007D7D 00 00 00 00 00 00 00 00 00 00 
       00007D87 00 00 00 00 00 00 00 00 00 00 
       00007D91 00 00 00 00 00 00 00 00 00 00 
       00007D9B 00 00 00 00 00 00 00 00 00 00 
       00007DA5 00 00 00 00 00 00 00 00 00 00 
       00007DAF 00 00 00 00 00 00 00 00 00 00 
       00007DB9 00 00 00 00 00 00 00 00 00 00 
       00007DC3 00 00 00 00 00 00 00 00 00 00 
       00007DCD 00 00 00 00 00 00 00 00 00 00 
       00007DD7 00 00 00 00 00 00 00 00 00 00 
       00007DE1 00 00 00 00 00 00 00 00 00 00 
       00007DEB 00 00 00 00 00 00 00 00 00 00 
       00007DF5 00 00 00 00 00 00 00 00 00 
    59 00007DFE                                 
    60 00007DFE 55 AA                           		DB		0x55, 0xaa